2022-01-06 16:39:46.080458 -  main - INFO - decorator: 18 - ((), {})
2022-01-06 23:14:07.074864 -  main - INFO - decorator: 18 - <function decorator.<locals>.a_wrapper_accepting_arguments at 0x0000012F3DB8AD30>
2022-01-06 23:22:06.788935 -  main - INFO - decorator: 19 - None
2022-01-06 23:23:59.930658 -  main - INFO - decorator: 19 - None
2022-01-06 23:55:54.999420 -  main - INFO - a_wrapper_accepting_arguments: 16 - <function decorator.<locals>.a_wrapper_accepting_arguments at 0x00000232B4C0ADC0> - 0.5
2022-01-06 23:56:30.111458 -  main - INFO - a_wrapper_accepting_arguments: 16 - <function numbers at 0x000001D31159F670> - 0.5
2022-01-06 23:56:51.472220 -  main - INFO - a_wrapper_accepting_arguments: 17 - <function numbers at 0x000001F2A00FF670> - 0.5
2022-01-06 23:57:21.408253 -  main - INFO - a_wrapper_accepting_arguments: 15 - <function numbers at 0x0000019E67540670> - ((5, 10), {})
2022-01-07 00:08:30.822124 -  main - INFO - <function numbers at 0x000001ED328E05E0> - ((5, 10), {})
2022-01-07 00:10:25.994685 -  main - INFO - <function numbers at 0x000001CF2CFCF670> - ((5, 10), {}) - numbers
2022-01-07 00:10:41.931603 -  main - INFO - ((5, 10), {}) - numbers
2022-01-07 00:14:20.482186 -  main - INFO - ((5, 10), {}) - numbers
2022-01-07 00:14:30.210769 -  main - INFO - ((5, 10), {}) - numbers
2022-01-07 00:16:44.455907 -  main - INFO - ((5, 10), {}) - numbers
2022-01-07 00:18:17.862253 -  main - INFO - ((5, 10), {}) - numbers - 0.5 
2022-01-07 00:36:00.154239 -  main - INFO - ((5, 10), {}) - numbers - 0.5 
2022-01-07 00:36:57.328331 -  main - INFO - ((5, 10), {}) - numbers - 0.5 
2022-01-07 00:37:05.810634 -  INFO - ((5, 10), {}) - numbers - 0.5 
2022-01-07 00:37:18.399993 -  main - INFO - ((5, 10), {}) - numbers - 0.5 
2022-01-07 00:37:29.321006 -  INFO - ((5, 10), {}) - numbers - 0.5 
2022-01-07 00:40:18.707836 -  INFO - ((5, 10), {}) - numbers - 0.5 
2022-01-07 01:42:34.296228 -  INFO - ((5, 10), {}) - numbers - 0.5 - C:\Users\ПК\Desktop\PY\«Decorators»\mylog.log
2022-01-07 01:47:05.820703 -  INFO - ((5, 10), {}) - numbers - 0.5 - C:\Users\ПК\Desktop\PY\Decorators\mylog.log
2022-01-07 01:51:44.718358 -  INFO - ((5, 10), {}) - numbers - 0.5 - C:\Users\ПК\Desktop\PY\Decorators\mylog.log
2022-01-07 01:52:29.010600 -  INFO - ((5, 10), {}) - numbers - 0.5 - C:\Users\ПК\Desktop\PY\Decorators\mylog.log
2022-01-07 01:52:32.172071 -  INFO - ((5, 10), {}) - numbers - 0.5 - C:\Users\ПК\Desktop\PY\Decorators\mylog.log
2022-01-07 01:52:54.262442 -  INFO - ((5, 10), {}) - numbers - 0.5 - C:\Users\ПК\Desktop\PY\Decorators\mylog.log
2022-01-07 01:53:59.353865 -  INFO - ((5, 10), {}) - numbers - 0.5 - C:\Users\ПК\Desktop\PY\Decorators\mylog.log
2022-01-07 01:53:59.353865 -  INFO - ((5, 10), {}) - numbers - 0.5 - C:\Users\ПК\Desktop\PY\Decorators\mylog.log
2022-01-07 01:54:15.972047 -  INFO - ((5, 10), {}) - numbers - 0.5 - C:\Users\ПК\Desktop\PY\Decorators\mylog.log
2022-01-07 01:54:15.972047 -  INFO - ((5, 10), {}) - numbers - 0.5 - C:\Users\ПК\Desktop\PY\Decorators\mylog.log
2022-01-07 01:55:27.418584 -  INFO - ((5, 10), {}) - numbers - 0.5 - C:\Users\ПК\Desktop\PY\Decorators\mylog.log
2022-01-07 01:55:27.418584 -  INFO - ((5, 10), {}) - numbers - 0.5 - C:\Users\ПК\Desktop\PY\Decorators\mylog.log
2022-01-07 01:55:55.799086 -  INFO - ((['Омлет', 'Фахитос'], 4, {'Омлет': [{'Название ингридиента': 'Яйцо ', 'Количество': ' 2 ', 'Ед. измерения': ' шт\n'}, {'Название ингридиента': 'Молоко ', 'Количество': ' 100 ', 'Ед. измерения': ' мл\n'}, {'Название ингридиента': 'Помидор ', 'Количество': ' 2 ', 'Ед. измерения': ' шт\n'}], 'Утка по-пекински': [{'Название ингридиента': 'Утка ', 'Количество': ' 1 ', 'Ед. измерения': ' шт\n'}, {'Название ингридиента': 'Вода ', 'Количество': ' 2 ', 'Ед. измерения': ' л\n'}, {'Название ингридиента': 'Мед ', 'Количество': ' 3 ', 'Ед. измерения': ' ст.л\n'}, {'Название ингридиента': 'Соевый соус ', 'Количество': ' 60 ', 'Ед. измерения': ' мл\n'}], 'Запеченный картофель': [{'Название ингридиента': 'Картофель ', 'Количество': ' 1 ', 'Ед. измерения': ' кг\n'}, {'Название ингридиента': 'Чеснок ', 'Количество': ' 3 ', 'Ед. измерения': ' зубч\n'}, {'Название ингридиента': 'Сыр гауда ', 'Количество': ' 100 ', 'Ед. измерения': ' г\n'}], 'Фахитос': [{'Название ингридиента': 'Говядина ', 'Количество': ' 500 ', 'Ед. измерения': ' г\n'}, {'Название ингридиента': 'Перец сладкий ', 'Количество': ' 1 ', 'Ед. измерения': ' шт\n'}, {'Название ингридиента': 'Лаваш ', 'Количество': ' 2 ', 'Ед. измерения': ' шт\n'}, {'Название ингридиента': 'Винный уксус ', 'Количество': ' 1 ', 'Ед. измерения': ' ст.л\n'}, {'Название ингридиента': 'Помидор ', 'Количество': ' 2 ', 'Ед. измерения': ' шт'}]}), {}) - get_shop_list_by_dishes - {'Яйцо ': {'Количество': 8, 'Ед. измерения': ' шт\n'}, 'Молоко ': {'Количество': 400, 'Ед. измерения': ' мл\n'}, 'Помидор ': {'Количество': 8, 'Ед. измерения': ' шт\n'}, 'Говядина ': {'Количество': 2000, 'Ед. измерения': ' г\n'}, 'Перец сладкий ': {'Количество': 4, 'Ед. измерения': ' шт\n'}, 'Лаваш ': {'Количество': 8, 'Ед. измерения': ' шт\n'}, 'Винный уксус ': {'Количество': 4, 'Ед. измерения': ' ст.л\n'}} - C:\Users\ПК\Desktop\PY\Decorators\mylog.log
2022-01-07 01:57:13.678379 -  INFO - ((5, 10), {}) - num - 0.5 - C:\Users\ПК\Desktop\PY\Decorators\mylog.log
